[debug] [2023-05-29T05:04:44.143Z] ----------------------------------------------------------------------
[debug] [2023-05-29T05:04:44.144Z] Command:       /usr/local/bin/node /usr/local/bin/firebase deploy
[debug] [2023-05-29T05:04:44.144Z] CLI Version:   12.2.1
[debug] [2023-05-29T05:04:44.144Z] Platform:      darwin
[debug] [2023-05-29T05:04:44.144Z] Node Version:  v16.17.0
[debug] [2023-05-29T05:04:44.146Z] Time:          Mon May 29 2023 15:04:44 GMT+1000 (Australian Eastern Standard Time)
[debug] [2023-05-29T05:04:44.146Z] ----------------------------------------------------------------------
[debug] 
[debug] [2023-05-29T05:04:44.174Z] > command requires scopes: ["email","openid","https://www.googleapis.com/auth/cloudplatformprojects.readonly","https://www.googleapis.com/auth/firebase","https://www.googleapis.com/auth/cloud-platform"]
[debug] [2023-05-29T05:04:44.175Z] > authorizing via signed-in user (muhtasimsaad@gmail.com)
[debug] [2023-05-29T05:04:44.175Z] [iam] checking project portfolio-cec85 for permissions ["cloudfunctions.functions.create","cloudfunctions.functions.delete","cloudfunctions.functions.get","cloudfunctions.functions.list","cloudfunctions.functions.update","cloudfunctions.operations.get","firebase.projects.get","firebasehosting.sites.update"]
[debug] [2023-05-29T05:04:44.175Z] >>> [apiv2][query] POST https://cloudresourcemanager.googleapis.com/v1/projects/portfolio-cec85:testIamPermissions [none]
[debug] [2023-05-29T05:04:44.175Z] >>> [apiv2][(partial)header] POST https://cloudresourcemanager.googleapis.com/v1/projects/portfolio-cec85:testIamPermissions x-goog-quota-user=projects/portfolio-cec85
[debug] [2023-05-29T05:04:44.176Z] >>> [apiv2][body] POST https://cloudresourcemanager.googleapis.com/v1/projects/portfolio-cec85:testIamPermissions {"permissions":["cloudfunctions.functions.create","cloudfunctions.functions.delete","cloudfunctions.functions.get","cloudfunctions.functions.list","cloudfunctions.functions.update","cloudfunctions.operations.get","firebase.projects.get","firebasehosting.sites.update"]}
[debug] [2023-05-29T05:04:45.270Z] <<< [apiv2][status] POST https://cloudresourcemanager.googleapis.com/v1/projects/portfolio-cec85:testIamPermissions 200
[debug] [2023-05-29T05:04:45.271Z] <<< [apiv2][body] POST https://cloudresourcemanager.googleapis.com/v1/projects/portfolio-cec85:testIamPermissions {"permissions":["cloudfunctions.functions.create","cloudfunctions.functions.delete","cloudfunctions.functions.get","cloudfunctions.functions.list","cloudfunctions.functions.update","cloudfunctions.operations.get","firebase.projects.get","firebasehosting.sites.update"]}
[debug] [2023-05-29T05:04:45.272Z] >>> [apiv2][query] POST https://iam.googleapis.com/v1/projects/portfolio-cec85/serviceAccounts/portfolio-cec85@appspot.gserviceaccount.com:testIamPermissions [none]
[debug] [2023-05-29T05:04:45.272Z] >>> [apiv2][body] POST https://iam.googleapis.com/v1/projects/portfolio-cec85/serviceAccounts/portfolio-cec85@appspot.gserviceaccount.com:testIamPermissions {"permissions":["iam.serviceAccounts.actAs"]}
[debug] [2023-05-29T05:04:45.572Z] <<< [apiv2][status] POST https://iam.googleapis.com/v1/projects/portfolio-cec85/serviceAccounts/portfolio-cec85@appspot.gserviceaccount.com:testIamPermissions 200
[debug] [2023-05-29T05:04:45.572Z] <<< [apiv2][body] POST https://iam.googleapis.com/v1/projects/portfolio-cec85/serviceAccounts/portfolio-cec85@appspot.gserviceaccount.com:testIamPermissions {"permissions":["iam.serviceAccounts.actAs"]}
[debug] [2023-05-29T05:04:45.573Z] >>> [apiv2][query] GET https://firebase.googleapis.com/v1beta1/projects/portfolio-cec85 [none]
[debug] [2023-05-29T05:04:46.149Z] <<< [apiv2][status] GET https://firebase.googleapis.com/v1beta1/projects/portfolio-cec85 200
[debug] [2023-05-29T05:04:46.149Z] <<< [apiv2][body] GET https://firebase.googleapis.com/v1beta1/projects/portfolio-cec85 {"projectId":"portfolio-cec85","projectNumber":"186318560489","displayName":"portfolio","name":"projects/portfolio-cec85","resources":{"hostingSite":"portfolio-cec85"},"state":"ACTIVE","etag":"1_d3c16c10-f256-4e92-8f0f-285a2e278ebb"}
[info] 
[info] === Deploying to 'portfolio-cec85'...
[info] 
[info] i  deploying functions, hosting 
[debug] [2023-05-29T05:04:46.155Z] >>> [apiv2][query] GET https://firebase.googleapis.com/v1beta1/projects/portfolio-cec85 [none]
[debug] [2023-05-29T05:04:46.658Z] <<< [apiv2][status] GET https://firebase.googleapis.com/v1beta1/projects/portfolio-cec85 200
[debug] [2023-05-29T05:04:46.658Z] <<< [apiv2][body] GET https://firebase.googleapis.com/v1beta1/projects/portfolio-cec85 {"projectId":"portfolio-cec85","projectNumber":"186318560489","displayName":"portfolio","name":"projects/portfolio-cec85","resources":{"hostingSite":"portfolio-cec85"},"state":"ACTIVE","etag":"1_d3c16c10-f256-4e92-8f0f-285a2e278ebb"}
[info] i  functions: preparing codebase default for deployment 
[info] i  functions: ensuring required API cloudfunctions.googleapis.com is enabled... 
[info] i  functions: ensuring required API cloudbuild.googleapis.com is enabled... 
[info] i  artifactregistry: ensuring required API artifactregistry.googleapis.com is enabled... 
[debug] [2023-05-29T05:04:46.660Z] >>> [apiv2][query] GET https://serviceusage.googleapis.com/v1/projects/portfolio-cec85/services/cloudfunctions.googleapis.com [none]
[debug] [2023-05-29T05:04:46.661Z] >>> [apiv2][(partial)header] GET https://serviceusage.googleapis.com/v1/projects/portfolio-cec85/services/cloudfunctions.googleapis.com x-goog-quota-user=projects/portfolio-cec85
[debug] [2023-05-29T05:04:46.661Z] >>> [apiv2][query] GET https://serviceusage.googleapis.com/v1/projects/portfolio-cec85/services/runtimeconfig.googleapis.com [none]
[debug] [2023-05-29T05:04:46.661Z] >>> [apiv2][(partial)header] GET https://serviceusage.googleapis.com/v1/projects/portfolio-cec85/services/runtimeconfig.googleapis.com x-goog-quota-user=projects/portfolio-cec85
[debug] [2023-05-29T05:04:46.662Z] >>> [apiv2][query] GET https://serviceusage.googleapis.com/v1/projects/portfolio-cec85/services/cloudbuild.googleapis.com [none]
[debug] [2023-05-29T05:04:46.662Z] >>> [apiv2][(partial)header] GET https://serviceusage.googleapis.com/v1/projects/portfolio-cec85/services/cloudbuild.googleapis.com x-goog-quota-user=projects/portfolio-cec85
[debug] [2023-05-29T05:04:46.663Z] >>> [apiv2][query] GET https://serviceusage.googleapis.com/v1/projects/portfolio-cec85/services/artifactregistry.googleapis.com [none]
[debug] [2023-05-29T05:04:46.663Z] >>> [apiv2][(partial)header] GET https://serviceusage.googleapis.com/v1/projects/portfolio-cec85/services/artifactregistry.googleapis.com x-goog-quota-user=projects/portfolio-cec85
[debug] [2023-05-29T05:04:48.099Z] <<< [apiv2][status] GET https://serviceusage.googleapis.com/v1/projects/portfolio-cec85/services/runtimeconfig.googleapis.com 200
[debug] [2023-05-29T05:04:48.100Z] <<< [apiv2][body] GET https://serviceusage.googleapis.com/v1/projects/portfolio-cec85/services/runtimeconfig.googleapis.com [omitted]
[debug] [2023-05-29T05:04:48.101Z] <<< [apiv2][status] GET https://serviceusage.googleapis.com/v1/projects/portfolio-cec85/services/cloudfunctions.googleapis.com 200
[debug] [2023-05-29T05:04:48.101Z] <<< [apiv2][body] GET https://serviceusage.googleapis.com/v1/projects/portfolio-cec85/services/cloudfunctions.googleapis.com [omitted]
[info] ✔  functions: required API cloudfunctions.googleapis.com is enabled 
[debug] [2023-05-29T05:04:48.103Z] <<< [apiv2][status] GET https://serviceusage.googleapis.com/v1/projects/portfolio-cec85/services/cloudbuild.googleapis.com 200
[debug] [2023-05-29T05:04:48.103Z] <<< [apiv2][body] GET https://serviceusage.googleapis.com/v1/projects/portfolio-cec85/services/cloudbuild.googleapis.com [omitted]
[info] ✔  functions: required API cloudbuild.googleapis.com is enabled 
[debug] [2023-05-29T05:04:48.104Z] <<< [apiv2][status] GET https://serviceusage.googleapis.com/v1/projects/portfolio-cec85/services/artifactregistry.googleapis.com 200
[debug] [2023-05-29T05:04:48.104Z] <<< [apiv2][body] GET https://serviceusage.googleapis.com/v1/projects/portfolio-cec85/services/artifactregistry.googleapis.com [omitted]
[info] ✔  artifactregistry: required API artifactregistry.googleapis.com is enabled 
[debug] [2023-05-29T05:04:48.104Z] >>> [apiv2][query] GET https://firebase.googleapis.com/v1beta1/projects/portfolio-cec85/adminSdkConfig [none]
[debug] [2023-05-29T05:04:48.604Z] <<< [apiv2][status] GET https://firebase.googleapis.com/v1beta1/projects/portfolio-cec85/adminSdkConfig 200
[debug] [2023-05-29T05:04:48.604Z] <<< [apiv2][body] GET https://firebase.googleapis.com/v1beta1/projects/portfolio-cec85/adminSdkConfig {"projectId":"portfolio-cec85","storageBucket":"portfolio-cec85.appspot.com"}
[debug] [2023-05-29T05:04:48.605Z] >>> [apiv2][query] GET https://runtimeconfig.googleapis.com/v1beta1/projects/portfolio-cec85/configs [none]
[debug] [2023-05-29T05:04:49.098Z] <<< [apiv2][status] GET https://runtimeconfig.googleapis.com/v1beta1/projects/portfolio-cec85/configs 200
[debug] [2023-05-29T05:04:49.099Z] <<< [apiv2][body] GET https://runtimeconfig.googleapis.com/v1beta1/projects/portfolio-cec85/configs {}
[debug] [2023-05-29T05:04:49.101Z] Validating nodejs source
[debug] [2023-05-29T05:04:49.432Z] > [functions] package.json contents: {
  "name": "functions",
  "description": "Cloud Functions for Firebase",
  "scripts": {
    "serve": "firebase emulators:start --only functions",
    "shell": "firebase functions:shell",
    "start": "npm run shell",
    "deploy": "firebase deploy --only functions",
    "logs": "firebase functions:log"
  },
  "engines": {
    "node": "18"
  },
  "main": "index.js",
  "dependencies": {
    "express": "^4.18.2",
    "firebase-admin": "^11.8.0",
    "firebase-functions": "^4.3.1",
    "nodemailer": "^6.9.2"
  },
  "devDependencies": {
    "firebase-functions-test": "^3.1.0"
  },
  "private": true
}
[debug] [2023-05-29T05:04:49.432Z] Building nodejs source
[debug] [2023-05-29T05:04:49.432Z] Could not find functions.yaml. Must use http discovery
[debug] [2023-05-29T05:04:49.436Z] Found firebase-functions binary at '/Users/muhtasimsaad/Documents/GitHub/teleaus/Personal_website/functions/node_modules/.bin/firebase-functions'
[debug] [2023-05-29T05:04:49.536Z] Serving at port 8194

[debug] [2023-05-29T05:04:49.798Z] Got response from /__/functions.yaml {"endpoints":{"api":{"platform":"gcfv1","availableMemoryMb":null,"timeoutSeconds":null,"minInstances":null,"maxInstances":null,"ingressSettings":null,"serviceAccountEmail":null,"vpc":null,"httpsTrigger":{},"entryPoint":"api"}},"specVersion":"v1alpha1","requiredAPIs":[]}
[debug] [2023-05-29T05:04:49.801Z] shutdown requested via /__/quitquitquit

[info] i  functions: preparing functions directory for uploading... 
[info] i  functions: packaged /Users/muhtasimsaad/Documents/GitHub/teleaus/Personal_website/functions (69.07 KB) for uploading 
[debug] [2023-05-29T05:04:49.823Z] >>> [apiv2][query] GET https://cloudfunctions.googleapis.com/v1/projects/portfolio-cec85/locations/-/functions [none]
[debug] [2023-05-29T05:04:50.547Z] <<< [apiv2][status] GET https://cloudfunctions.googleapis.com/v1/projects/portfolio-cec85/locations/-/functions 200
[debug] [2023-05-29T05:04:50.547Z] <<< [apiv2][body] GET https://cloudfunctions.googleapis.com/v1/projects/portfolio-cec85/locations/-/functions {"functions":[{"name":"projects/portfolio-cec85/locations/us-central1/functions/api","httpsTrigger":{"url":"https://us-central1-portfolio-cec85.cloudfunctions.net/api","securityLevel":"SECURE_ALWAYS"},"status":"ACTIVE","entryPoint":"api","timeout":"60s","availableMemoryMb":256,"serviceAccountEmail":"portfolio-cec85@appspot.gserviceaccount.com","updateTime":"2023-05-29T04:55:35.169Z","versionId":"5","labels":{"deployment-tool":"cli-firebase","firebase-functions-hash":"6c62d34443b09ee69463d342ee768a5865e6eafa"},"sourceUploadUrl":"https://storage.googleapis.com/uploads-457898420999.us-central1.cloudfunctions.appspot.com/8111d22f-5d4b-47b4-99b0-1b2221bae0fd.zip","environmentVariables":{"FIREBASE_CONFIG":"{\"projectId\":\"portfolio-cec85\",\"storageBucket\":\"portfolio-cec85.appspot.com\"}","GCLOUD_PROJECT":"portfolio-cec85","EVENTARC_CLOUD_EVENT_SOURCE":"projects/portfolio-cec85/locations/us-central1/functions/api"},"runtime":"nodejs18","ingressSettings":"ALLOW_ALL","buildId":"5a614580-5d33-41f4-8b39-1aa938a10c50","buildEnvironmentVariables":{"GOOGLE_NODE_RUN_SCRIPTS":""},"buildName":"projects/186318560489/locations/us-central1/builds/5a614580-5d33-41f4-8b39-1aa938a10c50","dockerRegistry":"ARTIFACT_REGISTRY"}]}
[debug] [2023-05-29T05:04:50.548Z] >>> [apiv2][query] GET https://cloudfunctions.googleapis.com/v2/projects/portfolio-cec85/locations/-/functions filter=environment%3D%22GEN_2%22
[debug] [2023-05-29T05:04:51.520Z] <<< [apiv2][status] GET https://cloudfunctions.googleapis.com/v2/projects/portfolio-cec85/locations/-/functions 200
[debug] [2023-05-29T05:04:51.521Z] <<< [apiv2][body] GET https://cloudfunctions.googleapis.com/v2/projects/portfolio-cec85/locations/-/functions {}
[debug] [2023-05-29T05:04:51.529Z] >>> [apiv2][query] GET https://firebase.googleapis.com/v1beta1/projects/portfolio-cec85 [none]
[debug] [2023-05-29T05:04:52.087Z] <<< [apiv2][status] GET https://firebase.googleapis.com/v1beta1/projects/portfolio-cec85 200
[debug] [2023-05-29T05:04:52.087Z] <<< [apiv2][body] GET https://firebase.googleapis.com/v1beta1/projects/portfolio-cec85 {"projectId":"portfolio-cec85","projectNumber":"186318560489","displayName":"portfolio","name":"projects/portfolio-cec85","resources":{"hostingSite":"portfolio-cec85"},"state":"ACTIVE","etag":"1_d3c16c10-f256-4e92-8f0f-285a2e278ebb"}
[debug] [2023-05-29T05:04:52.091Z] >>> [apiv2][query] POST https://firebasehosting.googleapis.com/v1beta1/projects/-/sites/portfolio-cec85/versions [none]
[debug] [2023-05-29T05:04:52.091Z] >>> [apiv2][body] POST https://firebasehosting.googleapis.com/v1beta1/projects/-/sites/portfolio-cec85/versions {"status":"CREATED","labels":{"deployment-tool":"cli-firebase"}}
[debug] [2023-05-29T05:04:53.583Z] <<< [apiv2][status] POST https://firebasehosting.googleapis.com/v1beta1/projects/-/sites/portfolio-cec85/versions 200
[debug] [2023-05-29T05:04:53.583Z] <<< [apiv2][body] POST https://firebasehosting.googleapis.com/v1beta1/projects/-/sites/portfolio-cec85/versions {"name":"projects/186318560489/sites/portfolio-cec85/versions/73fa6b5da17946b1","status":"CREATED","config":{},"labels":{"deployment-tool":"cli-firebase"}}
[debug] [2023-05-29T05:04:53.585Z] >>> [apiv2][query] POST https://cloudfunctions.googleapis.com/v1/projects/portfolio-cec85/locations/us-central1/functions:generateUploadUrl [none]
[debug] [2023-05-29T05:04:53.585Z] >>> [apiv2][body] POST https://cloudfunctions.googleapis.com/v1/projects/portfolio-cec85/locations/us-central1/functions:generateUploadUrl {}
[debug] [2023-05-29T05:04:54.397Z] <<< [apiv2][status] POST https://cloudfunctions.googleapis.com/v1/projects/portfolio-cec85/locations/us-central1/functions:generateUploadUrl 200
[debug] [2023-05-29T05:04:54.397Z] <<< [apiv2][body] POST https://cloudfunctions.googleapis.com/v1/projects/portfolio-cec85/locations/us-central1/functions:generateUploadUrl {"uploadUrl":"https://storage.googleapis.com/uploads-457898420999.us-central1.cloudfunctions.appspot.com/ae2f15a3-71d3-4037-8a45-9b054336dd9c.zip?GoogleAccessId=service-186318560489@gcf-admin-robot.iam.gserviceaccount.com&Expires=1685338494&Signature=Ke%2FWA4dX1ND2W9spORpJE4Q7pVVTXLLbj08ngqFSxSFj4tDUQBJaV%2FhssMs0cuMVWjPNsTjRRMx%2F2ZNmBiHwK7xRWevlYT9LtmTqPCZWCXRBziNZgjrfdwS7BL4XSWHfiQedB5VBvAXl97BIt1fN7aGpn2NDDU6%2FB43MxWeG16NcSWC84VkLRIBcgUVHZcVe2cdlgUZB5FxQqLfKcTiYecBk0XJ%2F8wowCG%2Fl5zi9nI%2BY041qCDXBLF1UbcK7uzN5DH%2BzgoH87kIGwnZLcGkv6lFtgb6jnzxg4SmryqsucK1%2BuQj%2Ffwma%2FRAyaLitK0VwGtFjs1WbZtVxfH2VFNKg8g%3D%3D"}
[debug] [2023-05-29T05:04:54.398Z] >>> [apiv2][query] PUT https://storage.googleapis.com/uploads-457898420999.us-central1.cloudfunctions.appspot.com/ae2f15a3-71d3-4037-8a45-9b054336dd9c.zip GoogleAccessId=service-186318560489%40gcf-admin-robot.iam.gserviceaccount.com&Expires=1685338494&Signature=Ke%2FWA4dX1ND2W9spORpJE4Q7pVVTXLLbj08ngqFSxSFj4tDUQBJaV%2FhssMs0cuMVWjPNsTjRRMx%2F2ZNmBiHwK7xRWevlYT9LtmTqPCZWCXRBziNZgjrfdwS7BL4XSWHfiQedB5VBvAXl97BIt1fN7aGpn2NDDU6%2FB43MxWeG16NcSWC84VkLRIBcgUVHZcVe2cdlgUZB5FxQqLfKcTiYecBk0XJ%2F8wowCG%2Fl5zi9nI%2BY041qCDXBLF1UbcK7uzN5DH%2BzgoH87kIGwnZLcGkv6lFtgb6jnzxg4SmryqsucK1%2BuQj%2Ffwma%2FRAyaLitK0VwGtFjs1WbZtVxfH2VFNKg8g%3D%3D
[debug] [2023-05-29T05:04:54.399Z] >>> [apiv2][body] PUT https://storage.googleapis.com/uploads-457898420999.us-central1.cloudfunctions.appspot.com/ae2f15a3-71d3-4037-8a45-9b054336dd9c.zip [stream]
[debug] [2023-05-29T05:04:54.771Z] <<< [apiv2][status] PUT https://storage.googleapis.com/uploads-457898420999.us-central1.cloudfunctions.appspot.com/ae2f15a3-71d3-4037-8a45-9b054336dd9c.zip 200
[debug] [2023-05-29T05:04:54.771Z] <<< [apiv2][body] PUT https://storage.googleapis.com/uploads-457898420999.us-central1.cloudfunctions.appspot.com/ae2f15a3-71d3-4037-8a45-9b054336dd9c.zip [omitted]
[info] ✔  functions: functions folder uploaded successfully 
[info] i  hosting[portfolio-cec85]: beginning deploy... 
[info] i  hosting[portfolio-cec85]: found 20 files in build 
[debug] [2023-05-29T05:04:54.785Z] [hosting] uploading with 200 concurrency
[debug] [2023-05-29T05:04:54.792Z] [hosting] hash cache [YnVpbGQ] stored for 20 files
[debug] [2023-05-29T05:04:54.792Z] [hosting][hash queue][FINAL] {"max":2,"min":0,"avg":0,"active":0,"complete":20,"success":20,"errored":0,"retried":0,"total":20,"elapsed":4}
[debug] [2023-05-29T05:04:54.792Z] >>> [apiv2][query] POST https://firebasehosting.googleapis.com/v1beta1/projects/186318560489/sites/portfolio-cec85/versions/73fa6b5da17946b1:populateFiles [none]
[debug] [2023-05-29T05:04:54.792Z] >>> [apiv2][body] POST https://firebasehosting.googleapis.com/v1beta1/projects/186318560489/sites/portfolio-cec85/versions/73fa6b5da17946b1:populateFiles {"files":{"/asset-manifest.json":"b445dc4c57efcfa292107aa15040ae52cc6a8aa1ca20d2ffea75b84e949b7a77","/index.html":"418c34c475c09cbd200147f189fd7f6a2312bdef09d7a587e27fe652986b7567","/static/css/main.d7d7c7b1.css":"a013c14ec6b154c6efd068511d59661cf1ac59c77e0595781ef414cefb3ac8be","/static/css/main.d7d7c7b1.css.map":"195e7343b1285d148e160c1f697d2947c464dd1b014773da8c9806c0ee902fea","/static/js/main.a4926fe2.js":"55092db25f631029ada35fd54bf5a5e8ecfbe6932a177ee24b9e240feb345b72","/static/js/main.a4926fe2.js.LICENSE.txt":"2a82c9b047262b60b3c081ee04b0d51eb34bc783f246cf1c97247693cd5a59d4","/static/js/main.a4926fe2.js.map":"9ed3645369e9fa12f6c12a326e0b45d0f0de6a43d708866d09b070bf3e4f5f73","/static/media/anfactor.472f426fd41f9a6a42d3.png":"ba915e9416e32992fb7cdb46f13feafc4c106bce533626beca365a4d379b9ea5","/static/media/coding.af2ae3e2415925812920.jpg":"25766007ad7e7dc16c134b24aefc0068363b90b9326f6e8edf9e0748475a21f0","/static/media/fa-brands-400.150de8eaa454d669c405.ttf":"16c0c5341cb96764d7a5adb35f1ab4c1ca7f79bf84be77ddc60f3d2756b0001a","/static/media/fa-brands-400.e033a13ee751afc1860c.woff2":"b0ca280678bcad9c2682e34a93fe90c1f16adccbb17d3c97e8bb47f4640b548c","/static/media/fa-regular-400.3223dc79c1adee56370b.woff2":"d599c387bee390f10fe3f5c50d28f8a4e94472617ffab7fdf530491acae70363","/static/media/fa-regular-400.d87474231f4192884802.ttf":"06f57842393f389275ed6110df737aecbf230e29f83eea3cd5c787f2bd211a17","/static/media/fa-solid-900.4a2cd718d7031b732e76.ttf":"df7cdad97543c443a28f996d8f1ee1542581a2f9b335bd5fa5ab4c33394acf58","/static/media/fa-solid-900.bb975c966c37455a1bc3.woff2":"1b5a5009c8fc426cea81ef6a1af46088dceae55ab3e7f856c22a1c01adf215ca","/static/media/fa-v4compatibility.0e3a648be390bd8cb094.ttf":"6d01637370c4f00aa89f1900f07da661e297f706427dfec49ac0af65ad0fc5cc","/static/media/fa-v4compatibility.68577e40f3e70067b5da.woff2":"61c1007ca6e525125f31047410ab8a561d679f17ba847d975590f6538eef272b","/static/media/genofax.ad0eea8fb69601b43e60.png":"76c4fc555f5cb0bac4984112f24640a4fc3b37ccfdb4f5b0ff5a8d0f10f522da","/static/media/meter1.c61a2fc3fdd79d551b751c6c0f890ab6.svg":"fa6a3fd734d6208199ababfa5d46c51cc2970d6d240c2f0722ca7c4b494972b7","/static/media/project-img1.d593db3f12901bc685c2.png":"2e10b538f2296dcc76646a5c913749d3b27a0d913fc6484de63e5e7f820e0933"}}
[debug] [2023-05-29T05:04:56.078Z] <<< [apiv2][status] POST https://firebasehosting.googleapis.com/v1beta1/projects/186318560489/sites/portfolio-cec85/versions/73fa6b5da17946b1:populateFiles 200
[debug] [2023-05-29T05:04:56.078Z] <<< [apiv2][body] POST https://firebasehosting.googleapis.com/v1beta1/projects/186318560489/sites/portfolio-cec85/versions/73fa6b5da17946b1:populateFiles {"uploadUrl":"https://upload-firebasehosting.googleapis.com/upload/sites/portfolio-cec85/versions/73fa6b5da17946b1/files"}
[debug] [2023-05-29T05:04:56.078Z] [hosting][populate queue][FINAL] {"max":1288,"min":1288,"avg":1288,"active":0,"complete":1,"success":1,"errored":0,"retried":0,"total":1,"elapsed":1288}
[debug] [2023-05-29T05:04:56.079Z] [hosting] uploads queued: 0
[debug] [2023-05-29T05:04:56.079Z] [hosting][upload queue][FINAL] {"max":0,"min":9999999999,"avg":0,"active":0,"complete":0,"success":0,"errored":0,"retried":0,"total":0,"elapsed":1685336696079}
[info] ✔  hosting[portfolio-cec85]: file upload complete 
[debug] [2023-05-29T05:04:56.080Z] [hosting] deploy completed after 1305ms
[info] i  functions: updating Node.js 18 (1st Gen) function api(us-central1)... 
[debug] [2023-05-29T05:04:56.087Z] >>> [apiv2][query] PATCH https://cloudfunctions.googleapis.com/v1/projects/portfolio-cec85/locations/us-central1/functions/api updateMask=name%2CsourceUploadUrl%2CentryPoint%2Cruntime%2CdockerRegistry%2Clabels%2ChttpsTrigger.securityLevel%2CminInstances%2CmaxInstances%2CingressSettings%2CenvironmentVariables%2CserviceAccountEmail%2CavailableMemoryMb%2Ctimeout%2CvpcConnector%2CvpcConnectorEgressSettings%2CsourceToken%2CbuildEnvironmentVariables
[debug] [2023-05-29T05:04:56.087Z] >>> [apiv2][body] PATCH https://cloudfunctions.googleapis.com/v1/projects/portfolio-cec85/locations/us-central1/functions/api {"name":"projects/portfolio-cec85/locations/us-central1/functions/api","sourceUploadUrl":"https://storage.googleapis.com/uploads-457898420999.us-central1.cloudfunctions.appspot.com/ae2f15a3-71d3-4037-8a45-9b054336dd9c.zip?GoogleAccessId=service-186318560489@gcf-admin-robot.iam.gserviceaccount.com&Expires=1685338494&Signature=Ke%2FWA4dX1ND2W9spORpJE4Q7pVVTXLLbj08ngqFSxSFj4tDUQBJaV%2FhssMs0cuMVWjPNsTjRRMx%2F2ZNmBiHwK7xRWevlYT9LtmTqPCZWCXRBziNZgjrfdwS7BL4XSWHfiQedB5VBvAXl97BIt1fN7aGpn2NDDU6%2FB43MxWeG16NcSWC84VkLRIBcgUVHZcVe2cdlgUZB5FxQqLfKcTiYecBk0XJ%2F8wowCG%2Fl5zi9nI%2BY041qCDXBLF1UbcK7uzN5DH%2BzgoH87kIGwnZLcGkv6lFtgb6jnzxg4SmryqsucK1%2BuQj%2Ffwma%2FRAyaLitK0VwGtFjs1WbZtVxfH2VFNKg8g%3D%3D","entryPoint":"api","runtime":"nodejs18","dockerRegistry":"ARTIFACT_REGISTRY","labels":{"deployment-tool":"cli-firebase","firebase-functions-hash":"f26e0f8dab8d264cefeae0f6b6fd49be3e9b31dc"},"httpsTrigger":{"securityLevel":"SECURE_ALWAYS"},"minInstances":null,"maxInstances":null,"ingressSettings":null,"environmentVariables":{"FIREBASE_CONFIG":"{\"projectId\":\"portfolio-cec85\",\"storageBucket\":\"portfolio-cec85.appspot.com\"}","GCLOUD_PROJECT":"portfolio-cec85","EVENTARC_CLOUD_EVENT_SOURCE":"projects/portfolio-cec85/locations/us-central1/functions/api"},"serviceAccountEmail":null,"availableMemoryMb":null,"timeout":null,"vpcConnector":null,"vpcConnectorEgressSettings":null,"buildEnvironmentVariables":{"GOOGLE_NODE_RUN_SCRIPTS":""}}
[debug] [2023-05-29T05:04:56.922Z] <<< [apiv2][status] PATCH https://cloudfunctions.googleapis.com/v1/projects/portfolio-cec85/locations/us-central1/functions/api 200
[debug] [2023-05-29T05:04:56.923Z] <<< [apiv2][body] PATCH https://cloudfunctions.googleapis.com/v1/projects/portfolio-cec85/locations/us-central1/functions/api {"name":"operations/cG9ydGZvbGlvLWNlYzg1L3VzLWNlbnRyYWwxL2FwaS90UUdmWHFMaXk4Yw","metadata":{"@type":"type.googleapis.com/google.cloud.functions.v1.OperationMetadataV1","target":"projects/portfolio-cec85/locations/us-central1/functions/api","type":"UPDATE_FUNCTION","request":{"@type":"type.googleapis.com/google.cloud.functions.v1.CloudFunction","name":"projects/portfolio-cec85/locations/us-central1/functions/api","httpsTrigger":{"url":"https://us-central1-portfolio-cec85.cloudfunctions.net/api","securityLevel":"SECURE_ALWAYS"},"status":"ACTIVE","entryPoint":"api","updateTime":"2023-05-29T04:55:35.169Z","versionId":"5","labels":{"deployment-tool":"cli-firebase","firebase-functions-hash":"f26e0f8dab8d264cefeae0f6b6fd49be3e9b31dc"},"sourceUploadUrl":"https://storage.googleapis.com/uploads-457898420999.us-central1.cloudfunctions.appspot.com/ae2f15a3-71d3-4037-8a45-9b054336dd9c.zip?GoogleAccessId=service-186318560489@gcf-admin-robot.iam.gserviceaccount.com&Expires=1685338494&Signature=Ke%2FWA4dX1ND2W9spORpJE4Q7pVVTXLLbj08ngqFSxSFj4tDUQBJaV%2FhssMs0cuMVWjPNsTjRRMx%2F2ZNmBiHwK7xRWevlYT9LtmTqPCZWCXRBziNZgjrfdwS7BL4XSWHfiQedB5VBvAXl97BIt1fN7aGpn2NDDU6%2FB43MxWeG16NcSWC84VkLRIBcgUVHZcVe2cdlgUZB5FxQqLfKcTiYecBk0XJ%2F8wowCG%2Fl5zi9nI%2BY041qCDXBLF1UbcK7uzN5DH%2BzgoH87kIGwnZLcGkv6lFtgb6jnzxg4SmryqsucK1%2BuQj%2Ffwma%2FRAyaLitK0VwGtFjs1WbZtVxfH2VFNKg8g%3D%3D","environmentVariables":{"FIREBASE_CONFIG":"{\"projectId\":\"portfolio-cec85\",\"storageBucket\":\"portfolio-cec85.appspot.com\"}","GCLOUD_PROJECT":"portfolio-cec85","EVENTARC_CLOUD_EVENT_SOURCE":"projects/portfolio-cec85/locations/us-central1/functions/api"},"runtime":"nodejs18","buildId":"5a614580-5d33-41f4-8b39-1aa938a10c50","buildEnvironmentVariables":{"GOOGLE_NODE_RUN_SCRIPTS":""},"buildName":"projects/186318560489/locations/us-central1/builds/5a614580-5d33-41f4-8b39-1aa938a10c50","dockerRegistry":"ARTIFACT_REGISTRY"},"versionId":"6","updateTime":"2023-05-29T05:04:56Z"}}
[debug] [2023-05-29T05:04:56.924Z] >>> [apiv2][query] GET https://cloudfunctions.googleapis.com/v1/operations/cG9ydGZvbGlvLWNlYzg1L3VzLWNlbnRyYWwxL2FwaS90UUdmWHFMaXk4Yw [none]
[debug] [2023-05-29T05:04:57.410Z] <<< [apiv2][status] GET https://cloudfunctions.googleapis.com/v1/operations/cG9ydGZvbGlvLWNlYzg1L3VzLWNlbnRyYWwxL2FwaS90UUdmWHFMaXk4Yw 200
[debug] [2023-05-29T05:04:57.410Z] <<< [apiv2][body] GET https://cloudfunctions.googleapis.com/v1/operations/cG9ydGZvbGlvLWNlYzg1L3VzLWNlbnRyYWwxL2FwaS90UUdmWHFMaXk4Yw {"name":"operations/cG9ydGZvbGlvLWNlYzg1L3VzLWNlbnRyYWwxL2FwaS90UUdmWHFMaXk4Yw","metadata":{"@type":"type.googleapis.com/google.cloud.functions.v1.OperationMetadataV1","target":"projects/portfolio-cec85/locations/us-central1/functions/api","type":"UPDATE_FUNCTION","request":{"@type":"type.googleapis.com/google.cloud.functions.v1.CloudFunction","name":"projects/portfolio-cec85/locations/us-central1/functions/api","httpsTrigger":{"url":"https://us-central1-portfolio-cec85.cloudfunctions.net/api","securityLevel":"SECURE_ALWAYS"},"status":"ACTIVE","entryPoint":"api","updateTime":"2023-05-29T04:55:35.169Z","versionId":"5","labels":{"deployment-tool":"cli-firebase","firebase-functions-hash":"f26e0f8dab8d264cefeae0f6b6fd49be3e9b31dc"},"sourceUploadUrl":"https://storage.googleapis.com/uploads-457898420999.us-central1.cloudfunctions.appspot.com/ae2f15a3-71d3-4037-8a45-9b054336dd9c.zip?GoogleAccessId=service-186318560489@gcf-admin-robot.iam.gserviceaccount.com&Expires=1685338494&Signature=Ke%2FWA4dX1ND2W9spORpJE4Q7pVVTXLLbj08ngqFSxSFj4tDUQBJaV%2FhssMs0cuMVWjPNsTjRRMx%2F2ZNmBiHwK7xRWevlYT9LtmTqPCZWCXRBziNZgjrfdwS7BL4XSWHfiQedB5VBvAXl97BIt1fN7aGpn2NDDU6%2FB43MxWeG16NcSWC84VkLRIBcgUVHZcVe2cdlgUZB5FxQqLfKcTiYecBk0XJ%2F8wowCG%2Fl5zi9nI%2BY041qCDXBLF1UbcK7uzN5DH%2BzgoH87kIGwnZLcGkv6lFtgb6jnzxg4SmryqsucK1%2BuQj%2Ffwma%2FRAyaLitK0VwGtFjs1WbZtVxfH2VFNKg8g%3D%3D","environmentVariables":{"FIREBASE_CONFIG":"{\"projectId\":\"portfolio-cec85\",\"storageBucket\":\"portfolio-cec85.appspot.com\"}","GCLOUD_PROJECT":"portfolio-cec85","EVENTARC_CLOUD_EVENT_SOURCE":"projects/portfolio-cec85/locations/us-central1/functions/api"},"runtime":"nodejs18","buildId":"5a614580-5d33-41f4-8b39-1aa938a10c50","buildEnvironmentVariables":{"GOOGLE_NODE_RUN_SCRIPTS":""},"buildName":"projects/186318560489/locations/us-central1/builds/5a614580-5d33-41f4-8b39-1aa938a10c50","dockerRegistry":"ARTIFACT_REGISTRY"},"versionId":"6","updateTime":"2023-05-29T05:04:57Z"}}
[debug] [2023-05-29T05:04:57.913Z] [update-default-us-central1-api] Retrying task index 0
[debug] [2023-05-29T05:04:57.915Z] >>> [apiv2][query] GET https://cloudfunctions.googleapis.com/v1/operations/cG9ydGZvbGlvLWNlYzg1L3VzLWNlbnRyYWwxL2FwaS90UUdmWHFMaXk4Yw [none]
[debug] [2023-05-29T05:04:58.537Z] <<< [apiv2][status] GET https://cloudfunctions.googleapis.com/v1/operations/cG9ydGZvbGlvLWNlYzg1L3VzLWNlbnRyYWwxL2FwaS90UUdmWHFMaXk4Yw 200
[debug] [2023-05-29T05:04:58.537Z] <<< [apiv2][body] GET https://cloudfunctions.googleapis.com/v1/operations/cG9ydGZvbGlvLWNlYzg1L3VzLWNlbnRyYWwxL2FwaS90UUdmWHFMaXk4Yw {"name":"operations/cG9ydGZvbGlvLWNlYzg1L3VzLWNlbnRyYWwxL2FwaS90UUdmWHFMaXk4Yw","metadata":{"@type":"type.googleapis.com/google.cloud.functions.v1.OperationMetadataV1","target":"projects/portfolio-cec85/locations/us-central1/functions/api","type":"UPDATE_FUNCTION","request":{"@type":"type.googleapis.com/google.cloud.functions.v1.CloudFunction","name":"projects/portfolio-cec85/locations/us-central1/functions/api","httpsTrigger":{"url":"https://us-central1-portfolio-cec85.cloudfunctions.net/api","securityLevel":"SECURE_ALWAYS"},"status":"ACTIVE","entryPoint":"api","updateTime":"2023-05-29T04:55:35.169Z","versionId":"5","labels":{"deployment-tool":"cli-firebase","firebase-functions-hash":"f26e0f8dab8d264cefeae0f6b6fd49be3e9b31dc"},"sourceUploadUrl":"https://storage.googleapis.com/uploads-457898420999.us-central1.cloudfunctions.appspot.com/ae2f15a3-71d3-4037-8a45-9b054336dd9c.zip?GoogleAccessId=service-186318560489@gcf-admin-robot.iam.gserviceaccount.com&Expires=1685338494&Signature=Ke%2FWA4dX1ND2W9spORpJE4Q7pVVTXLLbj08ngqFSxSFj4tDUQBJaV%2FhssMs0cuMVWjPNsTjRRMx%2F2ZNmBiHwK7xRWevlYT9LtmTqPCZWCXRBziNZgjrfdwS7BL4XSWHfiQedB5VBvAXl97BIt1fN7aGpn2NDDU6%2FB43MxWeG16NcSWC84VkLRIBcgUVHZcVe2cdlgUZB5FxQqLfKcTiYecBk0XJ%2F8wowCG%2Fl5zi9nI%2BY041qCDXBLF1UbcK7uzN5DH%2BzgoH87kIGwnZLcGkv6lFtgb6jnzxg4SmryqsucK1%2BuQj%2Ffwma%2FRAyaLitK0VwGtFjs1WbZtVxfH2VFNKg8g%3D%3D","environmentVariables":{"FIREBASE_CONFIG":"{\"projectId\":\"portfolio-cec85\",\"storageBucket\":\"portfolio-cec85.appspot.com\"}","GCLOUD_PROJECT":"portfolio-cec85","EVENTARC_CLOUD_EVENT_SOURCE":"projects/portfolio-cec85/locations/us-central1/functions/api"},"runtime":"nodejs18","buildId":"5a614580-5d33-41f4-8b39-1aa938a10c50","buildEnvironmentVariables":{"GOOGLE_NODE_RUN_SCRIPTS":""},"buildName":"projects/186318560489/locations/us-central1/builds/5a614580-5d33-41f4-8b39-1aa938a10c50","dockerRegistry":"ARTIFACT_REGISTRY"},"versionId":"6","updateTime":"2023-05-29T05:04:57Z","buildId":"aa6c6816-b1ac-4b8a-84f7-f6f7491e16a4","buildName":"projects/186318560489/locations/us-central1/builds/aa6c6816-b1ac-4b8a-84f7-f6f7491e16a4"}}
[debug] [2023-05-29T05:04:59.539Z] [update-default-us-central1-api] Retrying task index 0
[debug] [2023-05-29T05:04:59.540Z] >>> [apiv2][query] GET https://cloudfunctions.googleapis.com/v1/operations/cG9ydGZvbGlvLWNlYzg1L3VzLWNlbnRyYWwxL2FwaS90UUdmWHFMaXk4Yw [none]
